[    0.000000] Initializing cgroup subsys cpuset
[    0.000000] Initializing cgroup subsys cpu
[    0.000000] Initializing cgroup subsys cpuacct
[    0.000000] Linux version 4.4.0-164-generic (buildd@lgw01-amd64-021) (gcc version 5.4.0 20160609 (Ubuntu 5.4.0-6ubuntu1~16.04.10) ) #192-Ubuntu SMP Fri Sep 13 12:02:50 UTC 2019 (Ubuntu 4.4.0-164.192-generic 4.4.186)
[    0.000000] Command line: BOOT_IMAGE=/boot/vmlinuz-4.4.0-164-generic root=LABEL=cloudimg-rootfs ro console=tty1 console=ttyS0
[    0.000000] KERNEL supported cpus:
[    0.000000]   Intel GenuineIntel
[    0.000000]   AMD AuthenticAMD
[    0.000000]   Centaur CentaurHauls
[    0.000000] x86/fpu: xstate_offset[2]:  576, xstate_sizes[2]:  256
[    0.000000] x86/fpu: Supporting XSAVE feature 0x01: 'x87 floating point registers'
[    0.000000] x86/fpu: Supporting XSAVE feature 0x02: 'SSE registers'
[    0.000000] x86/fpu: Supporting XSAVE feature 0x04: 'AVX registers'
[    0.000000] x86/fpu: Enabled xstate features 0x7, context size is 832 bytes, using 'standard' format.
[    0.000000] e820: BIOS-provided physical RAM map:
[    0.000000] BIOS-e820: [mem 0x0000000000000000-0x000000000009fbff] usable
[    0.000000] BIOS-e820: [mem 0x000000000009fc00-0x000000000009ffff] reserved
[    0.000000] BIOS-e820: [mem 0x00000000000f0000-0x00000000000fffff] reserved
[    0.000000] BIOS-e820: [mem 0x0000000000100000-0x000000003ffeffff] usable
[    0.000000] BIOS-e820: [mem 0x000000003fff0000-0x000000003fffffff] ACPI data
[    0.000000] BIOS-e820: [mem 0x00000000fec00000-0x00000000fec00fff] reserved
[    0.000000] BIOS-e820: [mem 0x00000000fee00000-0x00000000fee00fff] reserved
[    0.000000] BIOS-e820: [mem 0x00000000fffc0000-0x00000000ffffffff] reserved
[    0.000000] NX (Execute Disable) protection: active
[    0.000000] SMBIOS 2.5 present.
[    0.000000] Hypervisor detected: KVM
[    0.000000] e820: last_pfn = 0x3fff0 max_arch_pfn = 0x400000000
[    0.000000] MTRR: Disabled
[    0.000000] x86/PAT: MTRRs disabled, skipping PAT initialization too.
[    0.000000] CPU MTRRs all blank - virtualized system.
[    0.000000] x86/PAT: Configuration [0-7]: WB  WT  UC- UC  WB  WT  UC- UC  
[    0.000000] found SMP MP-table at [mem 0x0009fff0-0x0009ffff] mapped at [ffff88000009fff0]
[    0.000000] Scanning 1 areas for low memory corruption
[    0.000000] RAMDISK: [mem 0x362f8000-0x37173fff]
[    0.000000] ACPI: Early table checksum verification disabled
[    0.000000] ACPI: RSDP 0x00000000000E0000 000024 (v02 VBOX  )
[    0.000000] ACPI: XSDT 0x000000003FFF0030 00003C (v01 VBOX   VBOXXSDT 00000001 ASL  00000061)
[    0.000000] ACPI: FACP 0x000000003FFF00F0 0000F4 (v04 VBOX   VBOXFACP 00000001 ASL  00000061)
[    0.000000] ACPI: DSDT 0x000000003FFF0470 0022EA (v02 VBOX   VBOXBIOS 00000002 INTL 20100528)
[    0.000000] ACPI: FACS 0x000000003FFF0200 000040
[    0.000000] ACPI: FACS 0x000000003FFF0200 000040
[    0.000000] ACPI: APIC 0x000000003FFF0240 00005C (v02 VBOX   VBOXAPIC 00000001 ASL  00000061)
[    0.000000] ACPI: SSDT 0x000000003FFF02A0 0001CC (v01 VBOX   VBOXCPUT 00000002 INTL 20100528)
[    0.000000] No NUMA configuration found
[    0.000000] Faking a node at [mem 0x0000000000000000-0x000000003ffeffff]
[    0.000000] NODE_DATA(0) allocated [mem 0x3ffeb000-0x3ffeffff]
[    0.000000] kvm-clock: Using msrs 4b564d01 and 4b564d00
[    0.000000] kvm-clock: cpu 0, msr 0:3ffe3001, primary cpu clock
[    0.000000] kvm-clock: using sched offset of 3990689830 cycles
[    0.000000] clocksource: kvm-clock: mask: 0xffffffffffffffff max_cycles: 0x1cd42e4dffb, max_idle_ns: 881590591483 ns
[    0.000000] Zone ranges:
[    0.000000]   DMA      [mem 0x0000000000001000-0x0000000000ffffff]
[    0.000000]   DMA32    [mem 0x0000000001000000-0x000000003ffeffff]
[    0.000000]   Normal   empty
[    0.000000]   Device   empty
[    0.000000] Movable zone start for each node
[    0.000000] Early memory node ranges
[    0.000000]   node   0: [mem 0x0000000000001000-0x000000000009efff]
[    0.000000]   node   0: [mem 0x0000000000100000-0x000000003ffeffff]
[    0.000000] Initmem setup node 0 [mem 0x0000000000001000-0x000000003ffeffff]
[    0.000000] ACPI: PM-Timer IO Port: 0x4008
[    0.000000] IOAPIC[0]: apic_id 2, version 32, address 0xfec00000, GSI 0-23
[    0.000000] ACPI: INT_SRC_OVR (bus 0 bus_irq 0 global_irq 2 dfl dfl)
[    0.000000] ACPI: INT_SRC_OVR (bus 0 bus_irq 9 global_irq 9 low level)
[    0.000000] Using ACPI (MADT) for SMP configuration information
[    0.000000] smpboot: Allowing 2 CPUs, 0 hotplug CPUs
[    0.000000] PM: Registered nosave memory: [mem 0x00000000-0x00000fff]
[    0.000000] PM: Registered nosave memory: [mem 0x0009f000-0x0009ffff]
[    0.000000] PM: Registered nosave memory: [mem 0x000a0000-0x000effff]
[    0.000000] PM: Registered nosave memory: [mem 0x000f0000-0x000fffff]
[    0.000000] e820: [mem 0x40000000-0xfebfffff] available for PCI devices
[    0.000000] Booting paravirtualized kernel on KVM
[    0.000000] clocksource: refined-jiffies: mask: 0xffffffff max_cycles: 0xffffffff, max_idle_ns: 7645519600211568 ns
[    0.000000] setup_percpu: NR_CPUS:512 nr_cpumask_bits:512 nr_cpu_ids:2 nr_node_ids:1
[    0.000000] PERCPU: Embedded 34 pages/cpu @ffff88003fc00000 s99544 r8192 d31528 u1048576
[    0.000000] Built 1 zonelists in Node order, mobility grouping on.  Total pages: 257912
[    0.000000] Policy zone: DMA32
[    0.000000] Kernel command line: BOOT_IMAGE=/boot/vmlinuz-4.4.0-164-generic root=LABEL=cloudimg-rootfs ro console=tty1 console=ttyS0
[    0.000000] PID hash table entries: 4096 (order: 3, 32768 bytes)
[    0.000000] Memory: 997724K/1048120K available (8622K kernel code, 1335K rwdata, 4032K rodata, 1488K init, 1284K bss, 50396K reserved, 0K cma-reserved)
[    0.000000] SLUB: HWalign=64, Order=0-3, MinObjects=0, CPUs=2, Nodes=1
[    0.000000] Kernel/User page tables isolation: enabled
[    0.000000] Hierarchical RCU implementation.
[    0.000000] 	Build-time adjustment of leaf fanout to 64.
[    0.000000] 	RCU restricting CPUs from NR_CPUS=512 to nr_cpu_ids=2.
[    0.000000] RCU: Adjusting geometry for rcu_fanout_leaf=64, nr_cpu_ids=2
[    0.000000] NR_IRQS:33024 nr_irqs:440 16
[    0.000000] Console: colour VGA+ 80x25
[    0.000000] console [tty1] enabled
[    0.000000] console [ttyS0] enabled
[    0.000000] tsc: Detected 1992.001 MHz processor
[    0.330067] Calibrating delay loop (skipped) preset value.. 3984.00 BogoMIPS (lpj=7968004)
[    0.333248] pid_max: default: 32768 minimum: 301
[    0.334836] ACPI: Core revision 20150930
[    0.339463] ACPI: 2 ACPI AML tables successfully acquired and loaded
[    0.342847] Security Framework initialized
[    0.344861] Yama: becoming mindful.
[    0.346839] AppArmor: AppArmor initialized
[    0.349212] Dentry cache hash table entries: 131072 (order: 8, 1048576 bytes)
[    0.353950] Inode-cache hash table entries: 65536 (order: 7, 524288 bytes)
[    0.357055] Mount-cache hash table entries: 2048 (order: 2, 16384 bytes)
[    0.360348] Mountpoint-cache hash table entries: 2048 (order: 2, 16384 bytes)
[    0.364017] Initializing cgroup subsys io
[    0.366342] Initializing cgroup subsys memory
[    0.368485] Initializing cgroup subsys devices
[    0.370869] Initializing cgroup subsys freezer
[    0.373514] Initializing cgroup subsys net_cls
[    0.375814] Initializing cgroup subsys perf_event
[    0.378257] Initializing cgroup subsys net_prio
[    0.380645] Initializing cgroup subsys hugetlb
[    0.382934] Initializing cgroup subsys pids
[    0.387891] mce: CPU supports 0 MCE banks
[    0.390222] Last level iTLB entries: 4KB 64, 2MB 8, 4MB 8
[    0.392885] Last level dTLB entries: 4KB 64, 2MB 0, 4MB 0, 1GB 4
[    0.395643] Spectre V1 : Mitigation: usercopy/swapgs barriers and __user pointer sanitization
[    0.400113] Spectre V2 : Mitigation: Full generic retpoline
[    0.402790] Spectre V2 : Spectre v2 / SpectreRSB mitigation: Filling RSB on context switch
[    0.407173] Speculative Store Bypass: Vulnerable
[    0.409640] MDS: Vulnerable: Clear CPU buffers attempted, no microcode
[    0.420243] Freeing SMP alternatives memory: 36K
[    0.437096] ftrace: allocating 32318 entries in 127 pages
[    0.586219] smpboot: APIC(0) Converting physical 0 to logical package 0
[    0.589180] smpboot: Max logical packages: 1
[    0.591965] x2apic enabled
[    0.594521] Switched APIC routing to physical x2apic.
[    0.599901] ..TIMER: vector=0x30 apic1=0 pin1=2 apic2=-1 pin2=-1
[    0.709544] smpboot: CPU0: Intel(R) Core(TM) i7-8550U CPU @ 1.80GHz (family: 0x6, model: 0x8e, stepping: 0xa)
[    0.714846] Performance Events: unsupported p6 CPU model 142 no PMU driver, software events only.
[    0.740758] KVM setup paravirtual spinlock
[    0.744153] x86: Booting SMP configuration:
[    0.746367] .... node  #0, CPUs:      #1
[    0.748547] kvm-clock: cpu 1, msr 0:3ffe3041, secondary cpu clock
[    0.752877] mce: CPU supports 0 MCE banks
[    0.756160] x86: Booted up 1 node, 2 CPUs
[    0.759083] smpboot: Total of 2 processors activated (7968.00 BogoMIPS)
[    0.763183] devtmpfs: initialized
[    0.768739] evm: security.selinux
[    0.770645] evm: security.SMACK64
[    0.772475] evm: security.SMACK64EXEC
[    0.774376] evm: security.SMACK64TRANSMUTE
[    0.776372] evm: security.SMACK64MMAP
[    0.778430] evm: security.ima
[    0.779904] evm: security.capability
[    0.781529] clocksource: jiffies: mask: 0xffffffff max_cycles: 0xffffffff, max_idle_ns: 7645041785100000 ns
[    0.783721] futex hash table entries: 512 (order: 3, 32768 bytes)
[    0.785054] pinctrl core: initialized pinctrl subsystem
[    0.786233] RTC time: 16:26:53, date: 09/30/19
[    0.787326] NET: Registered protocol family 16
[    0.798246] cpuidle: using governor ladder
[    0.810049] cpuidle: using governor menu
[    0.811054] PCCT header not found.
[    0.812058] ACPI: bus type PCI registered
[    0.813200] acpiphp: ACPI Hot Plug PCI Controller Driver version: 0.5
[    0.815064] PCI: Using configuration type 1 for base access
[    0.830189] ACPI: Added _OSI(Module Device)
[    0.831359] ACPI: Added _OSI(Processor Device)
[    0.832327] ACPI: Added _OSI(3.0 _SCP Extensions)
[    0.833358] ACPI: Added _OSI(Processor Aggregator Device)
[    0.835092] ACPI: Executed 1 blocks of module-level executable AML code
[    0.838881] ACPI: Interpreter enabled
[    0.839925] ACPI: (supports S0 S5)
[    0.840913] ACPI: Using IOAPIC for interrupt routing
[    0.842430] PCI: Using host bridge windows from ACPI; if necessary, use "pci=nocrs" and report a bug
[    0.850253] ACPI: PCI Root Bridge [PCI0] (domain 0000 [bus 00-ff])
[    0.853138] acpi PNP0A03:00: _OSC: OS supports [ASPM ClockPM Segments MSI]
[    0.857251] acpi PNP0A03:00: _OSC: not requesting OS control; OS requires [ExtendedConfig ASPM ClockPM MSI]
[    0.862360] acpi PNP0A03:00: fail to add MMCONFIG information, can't access extended PCI configuration space under this bridge.
[    0.868578] PCI host bridge to bus 0000:00
[    0.870676] pci_bus 0000:00: root bus resource [io  0x0000-0x0cf7 window]
[    0.873994] pci_bus 0000:00: root bus resource [io  0x0d00-0xffff window]
[    0.877070] pci_bus 0000:00: root bus resource [mem 0x000a0000-0x000bffff window]
[    0.881369] pci_bus 0000:00: root bus resource [mem 0x40000000-0xfdffffff window]
[    0.885364] pci_bus 0000:00: root bus resource [bus 00-ff]
[    0.892728] pci 0000:00:01.1: legacy IDE quirk: reg 0x10: [io  0x01f0-0x01f7]
[    0.895959] pci 0000:00:01.1: legacy IDE quirk: reg 0x14: [io  0x03f6]
[    0.899054] pci 0000:00:01.1: legacy IDE quirk: reg 0x18: [io  0x0170-0x0177]
[    0.902399] pci 0000:00:01.1: legacy IDE quirk: reg 0x1c: [io  0x0376]
[    0.956417] pci 0000:00:07.0: quirk: [io  0x4000-0x403f] claimed by PIIX4 ACPI
[    0.960493] pci 0000:00:07.0: quirk: [io  0x4100-0x410f] claimed by PIIX4 SMB
[    0.978239] ACPI: PCI Interrupt Link [LNKA] (IRQs 5 9 10 *11)
[    0.982587] ACPI: PCI Interrupt Link [LNKB] (IRQs 5 9 *10 11)
[    0.986358] ACPI: PCI Interrupt Link [LNKC] (IRQs 5 *9 10 11)
[    0.990504] ACPI: PCI Interrupt Link [LNKD] (IRQs 5 9 10 *11)
[    0.994510] ACPI: Enabled 2 GPEs in block 00 to 07
[    0.997464] vgaarb: setting as boot device: PCI:0000:00:02.0
[    1.000139] vgaarb: device added: PCI:0000:00:02.0,decodes=io+mem,owns=io+mem,locks=none
[    1.004321] vgaarb: loaded
[    1.005961] vgaarb: bridge control possible 0000:00:02.0
[    1.008789] SCSI subsystem initialized
[    1.011180] ACPI: bus type USB registered
[    1.013441] usbcore: registered new interface driver usbfs
[    1.016213] usbcore: registered new interface driver hub
[    1.018863] usbcore: registered new device driver usb
[    1.021835] PCI: Using ACPI for IRQ routing
[    1.024613] NetLabel: Initializing
[    1.026912] NetLabel:  domain hash size = 128
[    1.029033] NetLabel:  protocols = UNLABELED CIPSOv4
[    1.033481] NetLabel:  unlabeled traffic allowed by default
[    1.036576] amd_nb: Cannot enumerate AMD northbridges
[    1.038632] clocksource: Switched to clocksource kvm-clock
[    1.054873] AppArmor: AppArmor Filesystem Enabled
[    1.057160] pnp: PnP ACPI init
[    1.060608] pnp: PnP ACPI: found 3 devices
[    1.084151] clocksource: acpi_pm: mask: 0xffffff max_cycles: 0xffffff, max_idle_ns: 2085701024 ns
[    1.091445] NET: Registered protocol family 2
[    1.095432] TCP established hash table entries: 8192 (order: 4, 65536 bytes)
[    1.100518] TCP bind hash table entries: 8192 (order: 5, 131072 bytes)
[    1.105390] TCP: Hash tables configured (established 8192 bind 8192)
[    1.110199] UDP hash table entries: 512 (order: 2, 16384 bytes)
[    1.114702] UDP-Lite hash table entries: 512 (order: 2, 16384 bytes)
[    1.119467] NET: Registered protocol family 1
[    1.123144] pci 0000:00:00.0: Limiting direct PCI/PCI transfers
[    1.126870] pci 0000:00:01.0: Activating ISA DMA hang workarounds
[    1.129974] Unpacking initramfs...
[    1.568820] Freeing initrd memory: 14832K
[    1.570928] clocksource: tsc: mask: 0xffffffffffffffff max_cycles: 0x396d54029a7, max_idle_ns: 881590429682 ns
[    1.575691] platform rtc_cmos: registered platform RTC device (no PNP device found)
[    1.579732] Scanning for low memory corruption every 60 seconds
[    1.583357] audit: initializing netlink subsys (disabled)
[    1.585858] audit: type=2000 audit(1569860819.595:1): initialized
[    1.589038] Initialise system trusted keyring
[    1.591910] HugeTLB registered 2 MB page size, pre-allocated 0 pages
[    1.597524] zbud: loaded
[    1.599847] VFS: Disk quotas dquot_6.6.0
[    1.602150] VFS: Dquot-cache hash table entries: 512 (order 0, 4096 bytes)
[    1.606285] squashfs: version 4.0 (2009/01/31) Phillip Lougher
[    1.609492] fuse init (API version 7.23)
[    1.611699] Key type big_key registered
[    1.613810] Allocating IMA MOK and blacklist keyrings.
[    1.621175] Key type asymmetric registered
[    1.623341] Asymmetric key parser 'x509' registered
[    1.625764] Block layer SCSI generic (bsg) driver version 0.4 loaded (major 249)
[    1.629857] io scheduler noop registered
[    1.632148] io scheduler deadline registered (default)
[    1.634535] io scheduler cfq registered
[    1.636925] pci_hotplug: PCI Hot Plug PCI Core version: 0.5
[    1.639544] pciehp: PCI Express Hot Plug Controller Driver version: 0.4
[    1.642764] ACPI: AC Adapter [AC] (off-line)
[    1.645064] input: Power Button as /devices/LNXSYSTM:00/LNXPWRBN:00/input/input0
[    1.648999] ACPI: Power Button [PWRF]
[    1.651214] input: Sleep Button as /devices/LNXSYSTM:00/LNXSLPBN:00/input/input1
[    1.655181] ACPI: Sleep Button [SLPF]
[    1.658018] GHES: HEST is not enabled!
[    1.660168] ACPI: Battery Slot [BAT0] (battery present)
[    1.662939] Serial: 8250/16550 driver, 32 ports, IRQ sharing enabled
[    1.687440] 00:02: ttyS0 at I/O 0x3f8 (irq = 4, base_baud = 115200) is a 16550A
[    1.693416] Linux agpgart interface v0.103
[    1.699933] loop: module loaded
[    1.703336] scsi host0: ata_piix
[    1.705637] scsi host1: ata_piix
[    1.707407] ata1: PATA max UDMA/33 cmd 0x1f0 ctl 0x3f6 bmdma 0xd000 irq 14
[    1.710640] ata2: PATA max UDMA/33 cmd 0x170 ctl 0x376 bmdma 0xd008 irq 15
[    1.714798] libphy: Fixed MDIO Bus: probed
[    1.716926] tun: Universal TUN/TAP device driver, 1.6
[    1.718786] tun: (C) 1999-2004 Max Krasnyansky <maxk@qualcomm.com>
[    1.721426] PPP generic driver version 2.4.2
[    1.722957] ehci_hcd: USB 2.0 'Enhanced' Host Controller (EHCI) Driver
[    1.724910] ehci-pci: EHCI PCI platform driver
[    1.726332] ehci-platform: EHCI generic platform driver
[    1.727785] ohci_hcd: USB 1.1 'Open' Host Controller (OHCI) Driver
[    1.729280] ohci-pci: OHCI PCI platform driver
[    1.730433] ohci-platform: OHCI generic platform driver
[    1.731763] uhci_hcd: USB Universal Host Controller Interface driver
[    1.733501] i8042: PNP: PS/2 Controller [PNP0303:PS2K,PNP0f03:PS2M] at 0x60,0x64 irq 1,12
[    1.736190] serio: i8042 KBD port at 0x60,0x64 irq 1
[    1.737253] serio: i8042 AUX port at 0x60,0x64 irq 12
[    1.738488] mousedev: PS/2 mouse device common for all mice
[    1.740289] input: AT Translated Set 2 keyboard as /devices/platform/i8042/serio0/input/input2
[    1.742595] rtc_cmos rtc_cmos: rtc core: registered rtc_cmos as rtc0
[    1.744311] rtc_cmos rtc_cmos: alarms up to one day, 114 bytes nvram
[    1.745653] i2c /dev entries driver
[    1.746522] device-mapper: uevent: version 1.0.3
[    1.747792] device-mapper: ioctl: 4.34.0-ioctl (2015-10-28) initialised: dm-devel@redhat.com
[    1.749953] ledtrig-cpu: registered to indicate activity on CPUs
[    1.752336] NET: Registered protocol family 10
[    1.754870] NET: Registered protocol family 17
[    1.757193] Key type dns_resolver registered
[    1.760122] registered taskstats version 1
[    1.762188] Loading compiled-in X.509 certificates
[    1.765810] Loaded X.509 cert 'Build time autogenerated kernel key: 24ad63d1d4c33254da6414eafe38a3477ac7de99'
[    1.770666] zswap: loaded using pool lzo/zbud
[    1.777163] Key type trusted registered
[    1.786521] Key type encrypted registered
[    1.788672] AppArmor: AppArmor sha1 policy hashing enabled
[    1.791201] ima: No TPM chip found, activating TPM-bypass!
[    1.793662] ima: Allocated hash algorithm: sha1
[    1.795891] evm: HMAC attrs: 0x1
[    1.798390]   Magic number: 3:346:440
[    1.800449] clockevents broadcast: hash matches
[    1.802808] rtc_cmos rtc_cmos: setting system clock to 2019-09-30 16:26:54 UTC (1569860814)
[    1.807344] BIOS EDD facility v0.16 2004-Jun-25, 0 devices found
[    1.809958] EDD information not available.
[    1.875279] Freeing unused kernel memory: 1488K
[    1.879775] Write protecting the kernel read-only data: 14336k
[    1.886809] Freeing unused kernel memory: 1608K
[    1.892011] Freeing unused kernel memory: 64K
Loading, please wait...
starting version 229
[    1.943280] random: systemd-udevd: uninitialized urandom read (16 bytes read, 5 bits of entropy available)
[    1.944994] random: udevadm: uninitialized urandom read (16 bytes read, 5 bits of entropy available)
[    1.945051] random: udevadm: uninitialized urandom read (16 bytes read, 5 bits of entropy available)
[    1.967420] random: systemd-udevd: uninitialized urandom read (16 bytes read, 5 bits of entropy available)
[    1.972679] random: udevadm: uninitialized urandom read (16 bytes read, 5 bits of entropy available)
[    1.972765] random: udevadm: uninitialized urandom read (16 bytes read, 5 bits of entropy available)
[    1.973067] random: udevadm: uninitialized urandom read (16 bytes read, 5 bits of entropy available)
[    1.973216] random: udevadm: uninitialized urandom read (16 bytes read, 5 bits of entropy available)
[    1.973333] random: udevadm: uninitialized urandom read (16 bytes read, 5 bits of entropy available)
[    1.973443] random: udevadm: uninitialized urandom read (16 bytes read, 5 bits of entropy available)
[    2.033826] e1000: Intel(R) PRO/1000 Network Driver - version 7.3.21-k8-NAPI
[    2.035366] e1000: Copyright (c) 1999-2006 Intel Corporation.
[    2.043708] Fusion MPT base driver 3.04.20
[    2.045209] Copyright (c) 1999-2008 LSI Corporation
[    2.054348] Fusion MPT SPI Host driver 3.04.20
[    2.095104] AVX2 version of gcm_enc/dec engaged.
[    2.097359] AES CTR mode by8 optimization enabled
[    2.259675] input: ImExPS/2 Generic Explorer Mouse as /devices/platform/i8042/serio1/input/input4
[    2.533664] e1000 0000:00:03.0 eth0: (PCI:33MHz:32-bit) 02:af:57:b2:64:eb
[    2.537018] e1000 0000:00:03.0 eth0: Intel(R) PRO/1000 Network Connection
[    2.542140] mptbase: ioc0: Initiating bringup
[    2.618439] ioc0: LSI53C1030 A0: Capabilities={Initiator}
[    3.944748] scsi host2: ioc0: LSI53C1030 A0, FwRev=00000000h, Ports=1, MaxQ=256, IRQ=20
[    4.182676] scsi 2:0:0:0: Direct-Access     VBOX     HARDDISK         1.0  PQ: 0 ANSI: 5
[    4.194943] scsi target2:0:0: Beginning Domain Validation
[    4.211045] scsi target2:0:0: Domain Validation skipping write tests
[    4.217372] scsi target2:0:0: Ending Domain Validation
[    4.223169] scsi target2:0:0: asynchronous
[    4.233996] scsi 2:0:1:0: Direct-Access     VBOX     HARDDISK         1.0  PQ: 0 ANSI: 5
[    4.243739] scsi target2:0:1: Beginning Domain Validation
[    4.257900] scsi target2:0:1: Domain Validation skipping write tests
[    4.264665] scsi target2:0:1: Ending Domain Validation
[    4.270422] scsi target2:0:1: asynchronous
[    4.328621] sd 2:0:0:0: Attached scsi generic sg0 type 0
[    4.332255] sd 2:0:1:0: [sdb] 20480 512-byte logical blocks: (10.5 MB/10.0 MiB)
[    4.334470] sd 2:0:0:0: [sda] 20971520 512-byte logical blocks: (10.7 GB/10.0 GiB)
[    4.337973] sd 2:0:1:0: Attached scsi generic sg1 type 0
[    4.339401] sd 2:0:0:0: [sda] Write Protect is off
[    4.340618] sd 2:0:1:0: [sdb] Write Protect is off
[    4.341667] sd 2:0:0:0: [sda] Incomplete mode parameter data
[    4.342911] sd 2:0:0:0: [sda] Assuming drive cache: write through
[    4.344710] sd 2:0:1:0: [sdb] Incomplete mode parameter data
[    4.346280] sd 2:0:1:0: [sdb] Assuming drive cache: write through
[    4.355944]  sda: sda1
[    4.357487] sd 2:0:0:0: [sda] Attached SCSI disk
[    4.359666] sd 2:0:1:0: [sdb] Attached SCSI disk
[    4.830808] e1000 0000:00:08.0 eth1: (PCI:33MHz:32-bit) 08:00:27:30:6e:90
[    4.837553] e1000 0000:00:08.0 eth1: Intel(R) PRO/1000 Network Connection
[    4.846827] e1000 0000:00:08.0 enp0s8: renamed from eth1
[    4.855898] e1000 0000:00:03.0 enp0s3: renamed from eth0
Begin: Loading essential drivers ... [    6.777151] md: linear personality registered for level -1
[    6.786729] md: multipath personality registered for level -4
[    6.795971] md: raid0 personality registered for level 0
[    6.809072] md: raid1 personality registered for level 1
[    6.887209] raid6: sse2x1   gen()  5220 MB/s
[    6.954797] raid6: sse2x1   xor()  3909 MB/s
[    7.022755] raid6: sse2x2   gen()  6416 MB/s
[    7.091021] raid6: sse2x2   xor()  4540 MB/s
[    7.158786] raid6: sse2x4   gen()  7356 MB/s
[    7.226739] raid6: sse2x4   xor()  4827 MB/s
[    7.295035] raid6: avx2x1   gen() 12135 MB/s
[    7.362762] raid6: avx2x2   gen() 11921 MB/s
[    7.430712] raid6: avx2x4   gen() 12897 MB/s
[    7.432924] raid6: using algorithm avx2x4 gen() 12897 MB/s
[    7.435359] raid6: using avx2x2 recovery algorithm
[    7.440429] xor: automatically using best checksumming function:
[    7.482817]    avx       : 11277.000 MB/sec
[    7.487581] async_tx: api initialized (async)
[    7.509298] md: raid6 personality registered for level 6
[    7.511850] md: raid5 personality registered for level 5
[    7.513960] md: raid4 personality registered for level 4
[    7.528466] md: raid10 personality registered for level 10
done.
Begin: Running /scripts/init-premount ... done.
Begin: Mounting root file system ... Begin: Running /scripts/local-top ... done.
Begin: Running /scripts/local-premount ... [    7.592983] Btrfs loaded
Scanning for Btrfs filesystems
done.
Warning: fsck not present, so skipping root file system
[    7.656715] EXT4-fs (sda1): INFO: recovery required on readonly filesystem
[    7.659933] EXT4-fs (sda1): write access will be enabled during recovery
[    7.746839] EXT4-fs (sda1): orphan cleanup on readonly fs
[    7.749455] EXT4-fs (sda1): 6 orphan inodes deleted
[    7.751926] EXT4-fs (sda1): recovery complete
[    7.755728] EXT4-fs (sda1): mounted filesystem with ordered data mode. Opts: (null)
done.
Begin: Running /scripts/local-bottom ... done.
Begin: Running /scripts/init-bottom ... done.
[    7.850549] systemd[1]: systemd 229 running in system mode. (+PAM +AUDIT +SELINUX +IMA +APPARMOR +SMACK +SYSVINIT +UTMP +LIBCRYPTSETUP +GCRYPT +GNUTLS +ACL +XZ -LZ4 +SECCOMP +BLKID +ELFUTILS +KMOD -IDN)
[    7.858843] systemd[1]: Detected virtualization oracle.
[    7.861314] systemd[1]: Detected architecture x86-64.

Welcome to [1mUbuntu 16.04.6 LTS[0m!

[    7.866843] systemd[1]: Set hostname to <ubuntu-xenial>.
[    8.263882] systemd[1]: Reached target Encrypted Volumes.
[[0;32m  OK  [0m] Reached target Encrypted Volumes.
[    8.272237] systemd[1]: Listening on LVM2 metadata daemon socket.
[[0;32m  OK  [0m] Listening on LVM2 metadata daemon socket.
[    8.280254] systemd[1]: Listening on udev Kernel Socket.
[[0;32m  OK  [0m] Listening on udev Kernel Socket.
[    8.296763] systemd[1]: Listening on Journal Audit Socket.
[[0;32m  OK  [0m] Listening on Journal Audit Socket.
[    8.304802] systemd[1]: Listening on Journal Socket.
[[0;32m  OK  [0m] Listening on Journal Socket.
[    8.313152] systemd[1]: Created slice System Slice.
[[0;32m  OK  [0m] Created slice System Slice.
[    8.343772] systemd[1]: Starting Nameserver information manager...
         Starting Nameserver information manager...
[    8.357217] systemd[1]: Starting Uncomplicated firewall...
         Starting Uncomplicated firewall...
[    8.369113] systemd[1]: Mounting POSIX Message Queue File System...
         Mounting POSIX Message Queue File System...
[    8.378765] systemd[1]: Created slice system-serial\x2dgetty.slice.
[[0;32m  OK  [0m] Created slice system-serial\x2dgetty.slice.
[    8.386325] systemd[1]: Starting Set console keymap...
         Starting Set console keymap...
[    8.391727] systemd[1]: Set up automount Arbitrary Executable File Formats File System Automount Point.
[[0;32m  OK  [0m] Set up automount Arbitrary Executab...ats File System Automount Point.
[    8.401866] systemd[1]: Listening on /dev/initctl Compatibility Named Pipe.
[[0;32m  OK  [0m] Listening on /dev/initctl Compatibility Named Pipe.
[    8.418906] systemd[1]: Starting Create list of required static device nodes for the current kernel...
         Starting Create list of required st... nodes for the current kernel...
[    8.429011] systemd[1]: Listening on Syslog Socket.
[[0;32m  OK  [0m] Listening on Syslog Socket.
[    8.450947] systemd[1]: Mounting Debug File System...
         Mounting Debug File System...
[    8.455311] systemd[1]: Started Trigger resolvconf update for networkd DNS.
[[0;32m  OK  [0m] Started Trigger resolvconf update for networkd DNS.
[    8.459833] systemd[1]: Listening on Device-mapper event daemon FIFOs.
[[0;32m  OK  [0m] Listening on Device-mapper event daemon FIFOs.
[    8.465094] systemd[1]: Starting Monitoring of LVM2 mirrors, snapshots etc. using dmeventd or progress polling...
         Starting Monitoring of LVM2 mirrors... dmeventd or progress polling...
[    8.473099] systemd[1]: Reached target Swap.
[[0;32m  OK  [0m] Reached target Swap.
[    8.476949] systemd[1]: Created slice User and Session Slice.
[[0;32m  OK  [0m] Created slice User and Session Slice.
[    8.487120] systemd[1]: Reached target Slices.
[[0;32m  OK  [0m] Reached target Slices.
[    8.490335] systemd[1]: Reached target User and Group Name Lookups.
[[0;32m  OK  [0m] Reached target User and Group Name Lookups.
[    8.496039] systemd[1]: Listening on Journal Socket (/dev/log).
[[0;32m  OK  [0m] Listening on Journal Socket (/dev/log).
[    8.516173] systemd[1]: Starting Journal Service...
         Starting Journal Service...
[    8.524996] systemd[1]: Starting Load Kernel Modules...
         Starting Load Kernel Modules...
[    8.529852] systemd[1]: Listening on LVM2 poll daemon socket.
[[0;32m  OK  [0m] Listening on LVM2 poll daemon socket.
[    8.539422] systemd[1]: Mounting Huge Pages File System...
         Mounting Huge Pages File System...
[    8.550111] systemd[1]: Reached target System Time Synchronized.
[[0;32m  OK  [0m] Reached target System Time Synchronized.
[    8.554032] systemd[1]: Listening on udev Control Socket.
[    8.556667] Loading iSCSI transport class v2.0-870.
[[0;32m  OK  [0m] Listening on udev Control Socket.
[    8.570000] iscsi: registered transport (tcp)
[    8.587044] systemd[1]: Starting Remount Root and Kernel File Systems...
         Starting Remount Root and Kernel File Systems...
[    8.600423] systemd[1]: Started Forward Password Requests to Wall Directory Watch.

    8.604496] EXT4-fs (sda1): re-mounted. Opts: (null)
[[0;32m  OK  [0m] Started Forward Password Requests to Wall Directory Watch.
[    8.610763] systemd[1]: Mounted Debug File System.
[[0;32m  OK  [0m] Mounted Debug File System.
[    8.614564] systemd[1]: Mounted POSIX Message Queue File System.
[[0;32m  OK  [0m] Mounted POSIX Message Queue File System.
[    8.620315] systemd[1]: Mounted Huge Pages File System.
[[0;32m  OK  [0m] Mounted Huge Pages File System.
[    8.631510] systemd[1]: Started Journal Service.
[    8.631738] iscsi: registered transport (iser)
[[0;32m  OK  [0m] Started Journal Service.
[[0;32m  OK  [0m] Started Uncomplicated firewal[    8.657332] random: nonblocking pool is initialized
l.
[[0;32m  OK  [0m] Started Set console keymap.
[[0;32m  OK  [0m] Started Create list of required sta...ce nodes for the current kernel.
[[0;32m  OK  [0m] Started Load Kernel Modules.
[[0;32m  OK  [0m] Started Remount Root and Kernel File Systems.
[[0;32m  OK  [0m] Started Nameserver information manager.
[[0;32m  OK  [0m] Started LVM2 metadata daemon.
         Starting udev Coldplug all Devices...
         Starting Load/Save Random Seed...
         Mounting FUSE Control File System...
         Starting Apply Kernel Variables...
         Starting Create Static Device Nodes in /dev...
         Starting Flush Journal to Persistent Storage...
[[0;32m  OK  [0m] Mounted FUSE Control File System.
[[0;32m  OK  [0m] Started Load/Save Random Seed.
[[0;32m  OK  [0m] Started Apply Kernel Variables.
[[0;32m  OK  [0m] Started Create Static Device Nodes in /dev.
[[0;32m  OK  [0m] Started Flush Journal to Persistent Storage.
[[0;32m  OK  [0m] Started udev Coldplug all Devices.
         Starting udev Kernel Device Manager...
[[0;32m  OK  [0m] Started udev Kernel Device Manager.
[[0;32m  OK  [0m] Started Dispatch Password Requests to Console Directory Watch.
[[0;32m  OK  [0m] Found device /dev/ttyS0.
[[0;32m  OK  [0m] Started Monitoring of LVM2 mirrors,...ng dmeventd or progress polling.
[[0;32m  OK  [0m] Reached target Local File Systems (Pre).
[[0;32m  OK  [0m] Reached target Local File Systems.
         Starting Set console font and keymap...
         Starting LSB: AppArmor initialization...
         Starting Initial cloud-init job (pre-networking)...
         Starting Create Volatile Files and Directories...
         Starting Tell Plymouth To Write Out Runtime Data...
[[0;32m  OK  [0m] Started Create Volatile Files and Directories.
[[0;32m  OK  [0m] Started Tell Plymouth To Write Out Runtime Data.
         Starting Update UTMP about System Boot/Shutdown...
[[0;32m  OK  [0m] Started LSB: AppArmor initialization.
[[0;32m  OK  [0m] Started Update UTMP about System Boot/Shutdown.
[[0;32m  OK  [0m] Listening on Load/Save RF Kill Switch Status /dev/rfkill Watch.
[[0;32m  OK  [0m] Found device 82540EM Gigabit Ethern...r (PRO/1000 MT Desktop Adapter).
[[   10.504098] [0;32m  OK  [0mcloud-init] [497]: Found device 82540EM Gigabit Ethern...r (PRO/1000 MT Desktop Adapter).Cloud-init v. 19.2-24-ge7881d5c-0ubuntu1~16.04.1 running 'init-local' at Mon, 30 Sep 2019 16:27:03 +0000. Up 9.92 seconds.

[[0;32m  OK  [0m] Started Initial cloud-init job (pre-networking).
[[0;32m  OK  [0m] Reached target Network (Pre).
         Starting Raise network interfaces...
[[0;32m  OK  [0m] Started ifup for enp0s3.
[[0;32m  OK  [0m] Started ifup for enp0s8.
[[0;32m  OK  [0m] Started Set console font and keymap.
[[0;32m  OK  [0m] Created slice system-getty.slice.
[[0;32m  OK  [0m] Started Raise network interfaces.
[[0;32m  OK  [0m] Reached target Network.
         Starting Initial cloud-init job (metadata service crawler)...
[   12.465887] cloud-init[1078]: Cloud-init v. 19.2-24-ge7881d5c-0ubuntu1~16.04.1 running 'init' at Mon, 30 Sep 2019 16:27:05 +0000. Up 12.09 seconds.
[   12.470311] cloud-init[1078]: ci-info: ++++++++++++++++++++++++++++++++++++++Net device info+++++++++++++++++++++++++++++++++++++++
[   12.480987] cloud-init[1078]: ci-info: +--------+------+-----------------------------+---------------+--------+-------------------+
[   12.485013] cloud-init[1078]: ci-info: | Device |  Up  |           Address           |      Mask     | Scope  |     Hw-Address    |
[   12.489541] cloud-init[1078]: ci-info: +--------+------+-----------------------------+---------------+--------+-------------------+
[   12.500793] cloud-init[1078]: ci-info: | enp0s3 | True |          10.0.2.15          | 255.255.255.0 | global | 02:af:57:b2:64:eb |
[   12.507240] cloud-init[1078]: ci-info: | enp0s3 | True |  fe80::af:57ff:feb2:64eb/64 |       .       |  link  | 02:af:57:b2:64:eb |
[   12.511633] cloud-init[1078]: ci-info: | enp0s8 | True |        192.168.33.10        | 255.255.255.0 | global | 08:00:27:30:6e:90 |
[   12.516264] cloud-init[1078]: ci-info: | enp0s8 | True | fe80::a00:27ff:fe30:6e90/64 |       .       |  link  | 08:00:27:30:6e:90 |
[   12.520386] cloud-init[1078]: ci-info: |   lo   | True |          127.0.0.1          |   255.0.0.0   |  host  |         .         |
[   12.525731] cloud-init[1078]: ci-info: |   lo   | True |           ::1/128           |       .       |  host  |         .         |
[   12.529776] cloud-init[1078]: ci-info: +--------+------+-----------------------------+---------------+--------+-------------------+
[   12.531938] cloud-init[1078]: ci-info: ++++++++++++++++++++++++++++Route IPv4 info++++++++++++++++++++++++++++
[   12.534145] cloud-init[1078]: ci-info: +-------+--------------+----------+---------------+-----------+-------+
[   12.536839] [[0;32m  OK  [0m] Started Initial cloud-init job (metadata service crawler).
[[0;32m  OK  [0m] Reached target Cloud-config availability.
[[0;32m  OK  [0m] Reached target System Initialization.
         Starting LXD - unix socket.
[[0;32m  OK  [0m] Listening on D-Bus System Message Bus Socket.
         Starting Socket activation for snappy daemon.
[[0;32m  OK  [0m] Listening on UUID daemon activation socket.
[[0;32m  OK  [0m] Started ACPI Events Check.
cloud-init[[1078]: [0;32m  OK  [0mci-info: | Route | Destination  | Gateway  |    Genmask    | Interface | Flags |] 
Reached target Paths.
[   12.545291] [cloud-init[0;32m  OK  [0m[1078]: ] ci-info: +-------+--------------+----------+---------------+-----------+-------+Listening on ACPID Listen Socket.

[[0;32m  OK  [0m] Started Daily Cleanup of Temporary Directories.
[   12.546578] cloud-init[1078]: ci-info: |   0   |   0.0.0.0    | 10.0.2.2 |    0.0.0.0    |   enp0s3  |   UG  |
[   12.564943] cloud-init[1078]: ci-info: |   1   |   10.0.2.0   | 0.0.0.0  | 255.255.255.0 |   enp0s3  |   U   |
[   12.566417] cloud-init[1078]: ci-info: |   2   | 192.168.33.0 | 0.0.0.0  | 255.255.255.0 |   enp0s8  |   U   |
[   12.567621] cloud-init[1078]: ci-info: +-------+--------------+----------+---------------+-----------+-------+
[[0;32m  OK  [0m] Started Daily apt download activities.
[[0;32m  OK  [0m] Started Daily apt upgrade and clean activities.
[[0;32m  OK  [0m] Reached target Timers.
[[0;32m  OK  [0m] Reached target Network is Online.
[   12.571871] cloud-init[1078]: ci-info: +++++++++++++++++++Route IPv6 info+++++++++++++++++++
[   12.588262] cloud-init[1078]: ci-info: +-------+-------------+---------+-----------+-------+
[   12.597071] cloud-init[1078]: ci-info: | Route | Destination | Gateway | Interface | Flags |
[   12.598090] cloud-init[1078]: ci-info: +-------+-------------+---------+-----------+-------+
         Starting iSCSI initiator daemon (iscsid)...
[[0;32m  OK  [0m] Listening on LXD - unix socket.
[[0;32m  OK  [0m] Listening on Socket activation for snappy daemon.
[   12.607746] cloud-init[1078]: ci-info: |   0   |  fe80::/64  |    ::   |   enp0s3  |   U   |
[   12.624419] cloud-init[1078]: ci-info: |   1   |  fe80::/64  |    ::   |   enp0s8  |   U   |
[   12.626124] cloud-init[1078]: ci-info: |   4   |   ff00::/8  |    ::   |   enp0s3  |   U   |
[   12.627390] cloud-init[1078]: ci-info: |   5   |   ff00::/8  |    ::   |   enp0s8  |   U   |
[   12.630564] cloud-init[1078]: ci-info: +-------+-------------+---------+-----------+-------+
[[0;32m  OK  [0m] Started iSCSI initiator daemon (iscsid).
         Starting Login to default iSCSI targets...
[[0;32m  OK  [0m] Reached target Sockets.
[[0;32m  OK  [0m] Reached target Basic System.
[[0;32m  OK  [0m] Started D-Bus System Message Bus.
         Starting Virtualbox guest utils...
         Starting Accounts Service...
[[0;32m  OK  [0m] Started Regular background program processing daemon.
         Starting Snappy daemon...
[[0;32m  OK  [0m] Started Deferred execution scheduler.
         Starting OpenBSD Secure Shell server...
         Starting Login Service...
         Starting MySQL Community Server...
         Starting /etc/rc.local Compatibility...
         Starting LSB: MD monitoring daemon...
[[0;32m  OK  [0m] Started ACPI event daemon.
[[0;32m  OK  [0m] Started FUSE filesystem for LXC.
         Starting LSB: Record successful boot for GRUB...
         Starting System Logging Service...
         Starting LXD - container startup/shutdown...
[[0;32m  OK  [0m] Started /etc/rc.local Compatibility.
[[0;32m  OK  [0m] Started System Logging Service.
[[0;32m  OK  [0m] Started Login to default iSCSI targets.
[[0;32m  OK  [0m] Started OpenBSD Secure Shell server.
[[0;32m  OK  [0m] Started LSB: MD monitoring daemon.
[[0;32m  OK  [0m] Started LSB: Record successful boot for GRUB.
[[0;32m  OK  [0m] Started Login Service.
[[0;32m  OK  [0m] Started Unattended Upgrades Shutdown.
         Starting Authenticate and Authorize Users to Run Privileged Tasks...
[[0;32m  OK  [0m] Reached target Remote File Systems (Pre).
[[0;32m  OK  [0m] Reached target Remote File Systems.
         Starting Permit User Sessions...
         Starting LSB: automatic crash report generation...
         Starting LSB: Apache2 web server...
         Starting LSB: daemon to balance interrupts for SMP systems...
         Starting LSB: Set the CPU Frequency Scaling governor to "ondemand"...
[[0;32m  OK  [0m] Started Virtualbox guest utils.
[[0;32m  OK  [0m] Started Permit User Sessions.
[[0;32m  OK  [0m] Started LXD - container startup/shutdown.
[[0;32m  OK  [0m] Started LSB: Set the CPU Frequency Scaling governor to "ondemand".
         Starting Hold until boot process finishes up...
         Starting Terminate Plymouth Boot Screen...
[[0;32m  OK  [0m] Started Hold until boot process finishes up.
[[0;32m  OK  [0m] Started Terminate Plymouth Boot Screen.
[[0;32m  OK  [0m] Started Authenticate and Authorize Users to Run Privileged Tasks.
[[0;32m  OK  [0m] Started Accounts Service.
[[0;32m  OK  [0m] Started LSB: automatic crash report generation.
[[0;32m  OK  [0m] Started Getty on tty1.
[[0;32m  OK  [0m] Started Serial Getty on ttyS0.
[[0;32m  OK  [0m] Reached target Login Prompts.
         Starting Set console scheme...
[[0;32m  OK  [0m] Started Snappy daemon.
[[0;32m  OK  [0m] Started LSB: daemon to balance interrupts for SMP systems.
[[0;32m  OK  [0m] Started Set console scheme.
[[0;32m  OK  [0m] Created slice User Slice of vagrant.
         Starting User Manager for UID 1000...
         Starting Wait until snapd is fully seeded...
[[0;32m  OK  [0m] Started Session 1 of user vagrant.
[[0;32m  OK  [0m] Started User Manager for UID 1000.
[[0;32m  OK  [0m] Started Wait until snapd is fully seeded.
         Starting Apply the settings specified in cloud-config...
[   14.629797] cloud-init[1382]: Cloud-init v. 19.2-24-ge7881d5c-0ubuntu1~16.04.1 running 'modules:config' at Mon, 30 Sep 2019 16:27:07 +0000. Up 14.43 seconds.
[[0;32m  OK  [0m] Started Apply the settings specified in cloud-config.
[[0;32m  OK  [0m] Started LSB: Apache2 web server.
[[0;32m  OK  [0m] Started MySQL Community Server.
[[0;32m  OK  [0m] Reached target Multi-User System.
[[0;32m  OK  [0m] Reached target Graphical Interface.
         Starting Update UTMP about System Runlevel Changes...
         Starting Execute cloud user/final scripts...
[[0;32m  OK  [0m] Started Update UTMP about System Runlevel Changes.
[   16.069278] cloud-init[1508]: Cloud-init v. 19.2-24-ge7881d5c-0ubuntu1~16.04.1 running 'modules:final' at Mon, 30 Sep 2019 16:27:09 +0000. Up 15.79 seconds.
[   16.072278] cloud-init[1508]: Cloud-init v. 19.2-24-ge7881d5c-0ubuntu1~16.04.1 finished at Mon, 30 Sep 2019 16:27:09 +0000. Datasource DataSourceNoCloud [seed=/dev/sdb][dsmode=net].  Up 16.05 seconds
[[0;32m  OK  [0m] Started Execute cloud user/final scripts.
[[0;32m  OK  [0m] Reached target Cloud-init target.

Ubuntu 16.04.6 LTS ubuntu-xenial ttyS0

ubuntu-xenial login: 